# JRE version: 7.0_21-b12
# Java VM: Java HotSpot(TM) 64-Bit Server VM (23.21-b01 mixed mode bsd-amd64 compressed oops)
Heap
 def new generation   total 3072K, used 533K [0x00000007f0c00000, 0x00000007f0f50000, 0x00000007f4200000)
  eden space 2752K,   8% used [0x00000007f0c00000, 0x00000007f0c3d1f0, 0x00000007f0eb0000)
  from space 320K,  90% used [0x00000007f0eb0000, 0x00000007f0ef8560, 0x00000007f0f00000)
  to   space 320K,   0% used [0x00000007f0f00000, 0x00000007f0f00000, 0x00000007f0f50000)
 tenured generation   total 6912K, used 1254K [0x00000007f4200000, 0x00000007f48c0000, 0x00000007fae00000)
   the space 6912K,  18% used [0x00000007f4200000, 0x00000007f4339a88, 0x00000007f4339c00, 0x00000007f48c0000)
 compacting perm gen  total 21248K, used 3830K [0x00000007fae00000, 0x00000007fc2c0000, 0x0000000800000000)
   the space 21248K,  18% used [0x00000007fae00000, 0x00000007fb1bdb30, 0x00000007fb1bdc00, 0x00000007fc2c0000)
GC Heap History (4 events):
Event: 0.569 GC heap before
{Heap before GC invocations=0 (full 0):
 def new generation   total 3072K, used 2695K [0x00000007f0c00000, 0x00000007f0f50000, 0x00000007f4200000)
  eden space 2752K,  97% used [0x00000007f0c00000, 0x00000007f0ea1ca0, 0x00000007f0eb0000)
  from space 320K,   0% used [0x00000007f0eb0000, 0x00000007f0eb0000, 0x00000007f0f00000)
  to   space 320K,   0% used [0x00000007f0f00000, 0x00000007f0f00000, 0x00000007f0f50000)
 tenured generation   total 6912K, used 0K [0x00000007f4200000, 0x00000007f48c0000, 0x00000007fae00000)
   the space 6912K,   0% used [0x00000007f4200000, 0x00000007f4200000, 0x00000007f4200200, 0x00000007f48c0000)
 compacting perm gen  total 21248K, used 3630K [0x00000007fae00000, 0x00000007fc2c0000, 0x0000000800000000)
   the space 21248K,  17% used [0x00000007fae00000, 0x00000007fb18b838, 0x00000007fb18ba00, 0x00000007fc2c0000)
No shared spaces configured.
Event: 0.573 GC heap after
Heap after GC invocations=1 (full 0):
 def new generation   total 3072K, used 320K [0x00000007f0c00000, 0x00000007f0f50000, 0x00000007f4200000)
  eden space 2752K,   0% used [0x00000007f0c00000, 0x00000007f0c00000, 0x00000007f0eb0000)
  from space 320K, 100% used [0x00000007f0f00000, 0x00000007f0f50000, 0x00000007f0f50000)
  to   space 320K,   0% used [0x00000007f0eb0000, 0x00000007f0eb0000, 0x00000007f0f00000)
 tenured generation   total 6912K, used 459K [0x00000007f4200000, 0x00000007f48c0000, 0x00000007fae00000)
   the space 6912K,   6% used [0x00000007f4200000, 0x00000007f4272c18, 0x00000007f4272e00, 0x00000007f48c0000)
 compacting perm gen  total 21248K, used 3630K [0x00000007fae00000, 0x00000007fc2c0000, 0x0000000800000000)
   the space 21248K,  17% used [0x00000007fae00000, 0x00000007fb18b838, 0x00000007fb18ba00, 0x00000007fc2c0000)
No shared spaces configured.
}
Event: 0.597 GC heap before
{Heap before GC invocations=1 (full 0):
 def new generation   total 3072K, used 2885K [0x00000007f0c00000, 0x00000007f0f50000, 0x00000007f4200000)
  eden space 2752K,  93% used [0x00000007f0c00000, 0x00000007f0e81730, 0x00000007f0eb0000)
  from space 320K, 100% used [0x00000007f0f00000, 0x00000007f0f50000, 0x00000007f0f50000)
  to   space 320K,   0% used [0x00000007f0eb0000, 0x00000007f0eb0000, 0x00000007f0f00000)
 tenured generation   total 6912K, used 459K [0x00000007f4200000, 0x00000007f48c0000, 0x00000007fae00000)
   the space 6912K,   6% used [0x00000007f4200000, 0x00000007f4272c18, 0x00000007f4272e00, 0x00000007f48c0000)
 compacting perm gen  total 21248K, used 3830K [0x00000007fae00000, 0x00000007fc2c0000, 0x0000000800000000)
   the space 21248K,  18% used [0x00000007fae00000, 0x00000007fb1bdb30, 0x00000007fb1bdc00, 0x00000007fc2c0000)
No shared spaces configured.
Event: 0.599 GC heap after
Heap after GC invocations=2 (full 0):
 def new generation   total 3072K, used 289K [0x00000007f0c00000, 0x00000007f0f50000, 0x00000007f4200000)
  eden space 2752K,   0% used [0x00000007f0c00000, 0x00000007f0c00000, 0x00000007f0eb0000)
  from space 320K,  90% used [0x00000007f0eb0000, 0x00000007f0ef8560, 0x00000007f0f00000)
  to   space 320K,   0% used [0x00000007f0f00000, 0x00000007f0f00000, 0x00000007f0f50000)
 tenured generation   total 6912K, used 1254K [0x00000007f4200000, 0x00000007f48c0000, 0x00000007fae00000)
   the space 6912K,  18% used [0x00000007f4200000, 0x00000007f4339a88, 0x00000007f4339c00, 0x00000007f48c0000)
 compacting perm gen  total 21248K, used 3830K [0x00000007fae00000, 0x00000007fc2c0000, 0x0000000800000000)
   the space 21248K,  18% used [0x00000007fae00000, 0x00000007fb1bdb30, 0x00000007fb1bdc00, 0x00000007fc2c0000)
No shared spaces configured.
}

